<?xml version="1.0" encoding="UTF-8"?>
<testsuite xmlns:xsi="http://www.w3.org/2001/XMLSchema-instance" xsi:noNamespaceSchemaLocation="https://maven.apache.org/surefire/maven-surefire-plugin/xsd/surefire-test-report.xsd" name="com.test.cmarketCap.stepDefs.TestRunner" time="4.761" tests="17" errors="0" skipped="0" failures="0">
  <properties>
    <property name="gopherProxySet" value="false"/>
    <property name="awt.toolkit" value="sun.lwawt.macosx.LWCToolkit"/>
    <property name="file.encoding.pkg" value="sun.io"/>
    <property name="java.specification.version" value="1.8"/>
    <property name="sun.cpu.isalist" value=""/>
    <property name="sun.jnu.encoding" value="UTF-8"/>
    <property name="java.class.path" value="/Users/priyagopinathan/apiTest-2/target/test-classes:/Users/priyagopinathan/apiTest-2/target/classes:/Users/priyagopinathan/.m2/repository/junit/junit/4.11/junit-4.11.jar:/Users/priyagopinathan/.m2/repository/org/hamcrest/hamcrest-core/1.3/hamcrest-core-1.3.jar:/Users/priyagopinathan/.m2/repository/io/rest-assured/rest-assured/3.0.6/rest-assured-3.0.6.jar:/Users/priyagopinathan/.m2/repository/org/codehaus/groovy/groovy/2.4.12/groovy-2.4.12.jar:/Users/priyagopinathan/.m2/repository/org/codehaus/groovy/groovy-xml/2.4.12/groovy-xml-2.4.12.jar:/Users/priyagopinathan/.m2/repository/org/apache/httpcomponents/httpclient/4.5.3/httpclient-4.5.3.jar:/Users/priyagopinathan/.m2/repository/org/apache/httpcomponents/httpcore/4.4.6/httpcore-4.4.6.jar:/Users/priyagopinathan/.m2/repository/commons-logging/commons-logging/1.2/commons-logging-1.2.jar:/Users/priyagopinathan/.m2/repository/commons-codec/commons-codec/1.9/commons-codec-1.9.jar:/Users/priyagopinathan/.m2/repository/org/apache/httpcomponents/httpmime/4.5.1/httpmime-4.5.1.jar:/Users/priyagopinathan/.m2/repository/org/hamcrest/hamcrest-library/1.3/hamcrest-library-1.3.jar:/Users/priyagopinathan/.m2/repository/org/ccil/cowan/tagsoup/tagsoup/1.2.1/tagsoup-1.2.1.jar:/Users/priyagopinathan/.m2/repository/io/rest-assured/json-path/3.0.6/json-path-3.0.6.jar:/Users/priyagopinathan/.m2/repository/org/codehaus/groovy/groovy-json/2.4.12/groovy-json-2.4.12.jar:/Users/priyagopinathan/.m2/repository/io/rest-assured/rest-assured-common/3.0.6/rest-assured-common-3.0.6.jar:/Users/priyagopinathan/.m2/repository/io/rest-assured/xml-path/3.0.6/xml-path-3.0.6.jar:/Users/priyagopinathan/.m2/repository/org/apache/commons/commons-lang3/3.4/commons-lang3-3.4.jar:/Users/priyagopinathan/.m2/repository/javax/xml/bind/jaxb-api/2.2.12/jaxb-api-2.2.12.jar:/Users/priyagopinathan/.m2/repository/info/cukes/cucumber-java/1.2.5/cucumber-java-1.2.5.jar:/Users/priyagopinathan/.m2/repository/info/cukes/cucumber-core/1.2.5/cucumber-core-1.2.5.jar:/Users/priyagopinathan/.m2/repository/info/cukes/cucumber-html/0.2.3/cucumber-html-0.2.3.jar:/Users/priyagopinathan/.m2/repository/info/cukes/cucumber-jvm-deps/1.0.5/cucumber-jvm-deps-1.0.5.jar:/Users/priyagopinathan/.m2/repository/info/cukes/gherkin/2.12.2/gherkin-2.12.2.jar:/Users/priyagopinathan/.m2/repository/info/cukes/cucumber-junit/1.2.5/cucumber-junit-1.2.5.jar:/Users/priyagopinathan/.m2/repository/org/slf4j/slf4j-api/1.7.25/slf4j-api-1.7.25.jar:"/>
    <property name="java.vm.vendor" value="Oracle Corporation"/>
    <property name="sun.arch.data.model" value="64"/>
    <property name="java.vendor.url" value="http://java.oracle.com/"/>
    <property name="user.timezone" value=""/>
    <property name="java.vm.specification.version" value="1.8"/>
    <property name="os.name" value="Mac OS X"/>
    <property name="user.country" value="GB"/>
    <property name="sun.java.launcher" value="SUN_STANDARD"/>
    <property name="sun.boot.library.path" value="/Library/Java/JavaVirtualMachines/jdk1.8.0_181.jdk/Contents/Home/jre/lib"/>
    <property name="sun.java.command" value="/Users/priyagopinathan/apiTest-2/target/surefire/surefirebooter869004522725245558.jar /Users/priyagopinathan/apiTest-2/target/surefire 2020-01-14T17-09-19_770-jvmRun1 surefire790555715100718964tmp surefire_05124221542817203195tmp"/>
    <property name="http.nonProxyHosts" value="local|*.local|169.254/16|*.169.254/16"/>
    <property name="surefire.test.class.path" value="/Users/priyagopinathan/apiTest-2/target/test-classes:/Users/priyagopinathan/apiTest-2/target/classes:/Users/priyagopinathan/.m2/repository/junit/junit/4.11/junit-4.11.jar:/Users/priyagopinathan/.m2/repository/org/hamcrest/hamcrest-core/1.3/hamcrest-core-1.3.jar:/Users/priyagopinathan/.m2/repository/io/rest-assured/rest-assured/3.0.6/rest-assured-3.0.6.jar:/Users/priyagopinathan/.m2/repository/org/codehaus/groovy/groovy/2.4.12/groovy-2.4.12.jar:/Users/priyagopinathan/.m2/repository/org/codehaus/groovy/groovy-xml/2.4.12/groovy-xml-2.4.12.jar:/Users/priyagopinathan/.m2/repository/org/apache/httpcomponents/httpclient/4.5.3/httpclient-4.5.3.jar:/Users/priyagopinathan/.m2/repository/org/apache/httpcomponents/httpcore/4.4.6/httpcore-4.4.6.jar:/Users/priyagopinathan/.m2/repository/commons-logging/commons-logging/1.2/commons-logging-1.2.jar:/Users/priyagopinathan/.m2/repository/commons-codec/commons-codec/1.9/commons-codec-1.9.jar:/Users/priyagopinathan/.m2/repository/org/apache/httpcomponents/httpmime/4.5.1/httpmime-4.5.1.jar:/Users/priyagopinathan/.m2/repository/org/hamcrest/hamcrest-library/1.3/hamcrest-library-1.3.jar:/Users/priyagopinathan/.m2/repository/org/ccil/cowan/tagsoup/tagsoup/1.2.1/tagsoup-1.2.1.jar:/Users/priyagopinathan/.m2/repository/io/rest-assured/json-path/3.0.6/json-path-3.0.6.jar:/Users/priyagopinathan/.m2/repository/org/codehaus/groovy/groovy-json/2.4.12/groovy-json-2.4.12.jar:/Users/priyagopinathan/.m2/repository/io/rest-assured/rest-assured-common/3.0.6/rest-assured-common-3.0.6.jar:/Users/priyagopinathan/.m2/repository/io/rest-assured/xml-path/3.0.6/xml-path-3.0.6.jar:/Users/priyagopinathan/.m2/repository/org/apache/commons/commons-lang3/3.4/commons-lang3-3.4.jar:/Users/priyagopinathan/.m2/repository/javax/xml/bind/jaxb-api/2.2.12/jaxb-api-2.2.12.jar:/Users/priyagopinathan/.m2/repository/info/cukes/cucumber-java/1.2.5/cucumber-java-1.2.5.jar:/Users/priyagopinathan/.m2/repository/info/cukes/cucumber-core/1.2.5/cucumber-core-1.2.5.jar:/Users/priyagopinathan/.m2/repository/info/cukes/cucumber-html/0.2.3/cucumber-html-0.2.3.jar:/Users/priyagopinathan/.m2/repository/info/cukes/cucumber-jvm-deps/1.0.5/cucumber-jvm-deps-1.0.5.jar:/Users/priyagopinathan/.m2/repository/info/cukes/gherkin/2.12.2/gherkin-2.12.2.jar:/Users/priyagopinathan/.m2/repository/info/cukes/cucumber-junit/1.2.5/cucumber-junit-1.2.5.jar:/Users/priyagopinathan/.m2/repository/org/slf4j/slf4j-api/1.7.25/slf4j-api-1.7.25.jar:"/>
    <property name="sun.cpu.endian" value="little"/>
    <property name="user.home" value="/Users/priyagopinathan"/>
    <property name="user.language" value="en"/>
    <property name="java.specification.vendor" value="Oracle Corporation"/>
    <property name="java.home" value="/Library/Java/JavaVirtualMachines/jdk1.8.0_181.jdk/Contents/Home/jre"/>
    <property name="basedir" value="/Users/priyagopinathan/apiTest-2"/>
    <property name="file.separator" value="/"/>
    <property name="line.separator" value="&#10;"/>
    <property name="java.vm.specification.vendor" value="Oracle Corporation"/>
    <property name="java.specification.name" value="Java Platform API Specification"/>
    <property name="java.awt.graphicsenv" value="sun.awt.CGraphicsEnvironment"/>
    <property name="surefire.real.class.path" value="/Users/priyagopinathan/apiTest-2/target/surefire/surefirebooter869004522725245558.jar"/>
    <property name="sun.boot.class.path" value="/Library/Java/JavaVirtualMachines/jdk1.8.0_181.jdk/Contents/Home/jre/lib/resources.jar:/Library/Java/JavaVirtualMachines/jdk1.8.0_181.jdk/Contents/Home/jre/lib/rt.jar:/Library/Java/JavaVirtualMachines/jdk1.8.0_181.jdk/Contents/Home/jre/lib/sunrsasign.jar:/Library/Java/JavaVirtualMachines/jdk1.8.0_181.jdk/Contents/Home/jre/lib/jsse.jar:/Library/Java/JavaVirtualMachines/jdk1.8.0_181.jdk/Contents/Home/jre/lib/jce.jar:/Library/Java/JavaVirtualMachines/jdk1.8.0_181.jdk/Contents/Home/jre/lib/charsets.jar:/Library/Java/JavaVirtualMachines/jdk1.8.0_181.jdk/Contents/Home/jre/lib/jfr.jar:/Library/Java/JavaVirtualMachines/jdk1.8.0_181.jdk/Contents/Home/jre/classes"/>
    <property name="sun.management.compiler" value="HotSpot 64-Bit Tiered Compilers"/>
    <property name="ftp.nonProxyHosts" value="local|*.local|169.254/16|*.169.254/16"/>
    <property name="java.runtime.version" value="1.8.0_181-b13"/>
    <property name="user.name" value="priyagopinathan"/>
    <property name="path.separator" value=":"/>
    <property name="os.version" value="10.14.6"/>
    <property name="java.endorsed.dirs" value="/Library/Java/JavaVirtualMachines/jdk1.8.0_181.jdk/Contents/Home/jre/lib/endorsed"/>
    <property name="java.runtime.name" value="Java(TM) SE Runtime Environment"/>
    <property name="file.encoding" value="UTF-8"/>
    <property name="java.vm.name" value="Java HotSpot(TM) 64-Bit Server VM"/>
    <property name="localRepository" value="/Users/priyagopinathan/.m2/repository"/>
    <property name="java.vendor.url.bug" value="http://bugreport.sun.com/bugreport/"/>
    <property name="java.io.tmpdir" value="/var/folders/n_/4hnlx2qx0xlgysf2z1d7n6_m0000gn/T/"/>
    <property name="java.version" value="1.8.0_181"/>
    <property name="user.dir" value="/Users/priyagopinathan/apiTest-2"/>
    <property name="os.arch" value="x86_64"/>
    <property name="java.vm.specification.name" value="Java Virtual Machine Specification"/>
    <property name="java.awt.printerjob" value="sun.lwawt.macosx.CPrinterJob"/>
    <property name="sun.os.patch.level" value="unknown"/>
    <property name="java.library.path" value="/Users/priyagopinathan/Library/Java/Extensions:/Library/Java/Extensions:/Network/Library/Java/Extensions:/System/Library/Java/Extensions:/usr/lib/java:."/>
    <property name="java.vm.info" value="mixed mode"/>
    <property name="java.vendor" value="Oracle Corporation"/>
    <property name="java.vm.version" value="25.181-b13"/>
    <property name="java.ext.dirs" value="/Users/priyagopinathan/Library/Java/Extensions:/Library/Java/JavaVirtualMachines/jdk1.8.0_181.jdk/Contents/Home/jre/lib/ext:/Library/Java/Extensions:/Network/Library/Java/Extensions:/System/Library/Java/Extensions:/usr/lib/java"/>
    <property name="sun.io.unicode.encoding" value="UnicodeBig"/>
    <property name="java.class.version" value="52.0"/>
    <property name="socksNonProxyHosts" value="local|*.local|169.254/16|*.169.254/16"/>
  </properties>
  <testcase name="Given user constructs the url to bring the latest crypto currencies" classname="Scenario: verify price-conversion call convert the currencies to BOB" time="0.002"/>
  <testcase name="When get call is performed to bring the latest Ccys" classname="Scenario: verify price-conversion call convert the currencies to BOB" time="0"/>
  <testcase name="Then the response code is 200" classname="Scenario: verify price-conversion call convert the currencies to BOB" time="0"/>
  <testcase name="Then the response code is 200" classname="Scenario: verify price-conversion call convert the currencies to BOB" time="0"/>
  <testcase name="When user retrieves the ids for the currencies &quot;BTC&quot;, &quot;USDT&quot;, &quot;ETH&quot;" classname="Scenario: verify price-conversion call convert the currencies to BOB" time="0.002"/>
  <testcase name="And user converts the BTC,USDT,ETH to Bolivian Boliviano &quot;BOB&quot;" classname="Scenario: verify price-conversion call convert the currencies to BOB" time="0"/>
  <testcase name="Scenario: verify price-conversion call convert the currencies to BOB" classname="Scenario: verify price-conversion call convert the currencies to BOB" time="0"/>
  <testcase name="Given user constructs the url to fetch the currency info" classname="Scenario: verify currency info call fetch all the relevant information" time="0.001"/>
  <testcase name="When get call is performed to fetch currency info" classname="Scenario: verify currency info call fetch all the relevant information" time="0"/>
  <testcase name="Then the response code is 200" classname="Scenario: verify currency info call fetch all the relevant information" time="0"/>
  <testcase name="And &quot;data.1027.logo&quot; value is &quot;https://s2.coinmarketcap.com/static/img/coins/64x64/1027.png&quot;" classname="Scenario: verify currency info call fetch all the relevant information" time="0"/>
  <testcase name="And &quot;data.1027.urls.technical_doc&quot; value contains &quot;https://github.com/ethereum/wiki/wiki/White-Paper&quot;" classname="Scenario: verify currency info call fetch all the relevant information" time="0"/>
  <testcase name="And &quot;data.1027.symbol&quot; value is &quot;ETH&quot;" classname="Scenario: verify currency info call fetch all the relevant information" time="0"/>
  <testcase name="And &quot;data.1027.date_added&quot; value is &quot;2015-08-07T00:00:00.000Z&quot;" classname="Scenario: verify currency info call fetch all the relevant information" time="0"/>
  <testcase name="And &quot;data.1027.platform&quot; value is &quot;null&quot;" classname="Scenario: verify currency info call fetch all the relevant information" time="0"/>
  <testcase name="And &quot;data.1027.tags&quot; value contains &quot;mineable&quot;" classname="Scenario: verify currency info call fetch all the relevant information" time="0"/>
  <testcase name="Scenario: verify currency info call fetch all the relevant information" classname="Scenario: verify currency info call fetch all the relevant information" time="0.002"/>
</testsuite>